<?xml version="1.0" encoding="UTF-8" standalone="yes"?>
<testsuite name="espresso - Samsung .* - Android GoogleAPI Emulator" tests="0" failures="0" skipped="0" timestamp="2023-07-17T11:40:54.217Z" time="10.286" package="com.flipkart.android"/>
