<?xml version="1.0" encoding="UTF-8" standalone="yes"?>
<testsuite name="espresso - Samsung .* - Android GoogleAPI Emulator" tests="1" failures="1" skipped="0" timestamp="2023-07-17T11:48:05.784Z" time="70.557" package="com.example.demoFlipkart">
    <testcase name="FlipkartLaunchTests" classname="com.example.flipkart.Flipkart" time="63.795">
        <failure>java.lang.AssertionError: Click On Search Button Failed expected:&lt;true&gt; but was:&lt;false&gt;&#13;
at org.junit.Assert.fail(Assert.java:88)&#13;
at org.junit.Assert.failNotEquals(Assert.java:834)&#13;
at org.junit.Assert.assertEquals(Assert.java:118)&#13;
at com.example.flipkart.Flipkart.FlipkartLaunchTests(Flipkart.java:115)&#13;
</failure>
    </testcase>
</testsuite>
