<?xml version="1.0" encoding="UTF-8" standalone="yes"?>
<testsuite name="espresso - Samsung .* - Android Emulator" tests="0" failures="0" skipped="0" timestamp="2023-07-17T12:38:46.300Z" time="10.078" package="com.flipkart.android"/>
