<?xml version="1.0" encoding="UTF-8" standalone="yes"?>
<testsuite name="espresso - Samsung .* - Android GoogleAPI Emulator" tests="0" failures="0" skipped="0" timestamp="2023-07-17T12:22:22.544Z" time="10.077" package="com.flipkart.android"/>
